
> @qc-ui/docs@1.0.0 build
> storybook build

@storybook/cli v7.0.24

info => Cleaning outputDir: \storybook-static
info => Loading presets
info => Building manager..
info => Manager built (451 ms)
info => Copying static files: E:\dev\rocketseat\new-ignite\05-ds\node_modules\@storybook\manager\static at E:\dev\rocketseat\new-ignite\05-ds\packages\docs\storybook-static\sb-common-assets
[36mvite v4.3.9 [32mbuilding for production...[36m[39m

./sb-common-assets/fonts.css doesn't exist at build time, it will remain unchanged to be resolved at runtime
transforming...
../../node_modules/telejson/dist/index.mjs (1394:15) Use of eval in "../../node_modules/telejson/dist/index.mjs" is strongly discouraged as it poses security risks and may cause issues with minification.
../../node_modules/telejson/dist/index.mjs (1397:18) Use of eval in "../../node_modules/telejson/dist/index.mjs" is strongly discouraged as it poses security risks and may cause issues with minification.
[32m✓[39m 579 modules transformed.
rendering chunks...
computing gzip size...
[2mstorybook-static/[22m[32miframe.html                                         [39m[1m[2m 13.07 kB[22m[1m[22m[2m │ gzip:   3.68 kB[22m
[2mstorybook-static/[22m[35massets/TokensGrid-ff58907a.css                      [39m[1m[2m  0.44 kB[22m[1m[22m[2m │ gzip:   0.22 kB[22m
[2mstorybook-static/[22m[36massets/index-d475d2ea.js                            [39m[1m[2m  0.21 kB[22m[1m[22m[2m │ gzip:   0.17 kB[22m[2m │ map:     0.78 kB[22m
[2mstorybook-static/[22m[36massets/index-3685aeb7.js                            [39m[1m[2m  0.25 kB[22m[1m[22m[2m │ gzip:   0.20 kB[22m[2m │ map:     0.10 kB[22m
[2mstorybook-static/[22m[36massets/preview-52d3996e.js                          [39m[1m[2m  0.29 kB[22m[1m[22m[2m │ gzip:   0.26 kB[22m[2m │ map:     0.68 kB[22m
[2mstorybook-static/[22m[36massets/_commonjsHelpers-725317a4.js                 [39m[1m[2m  0.29 kB[22m[1m[22m[2m │ gzip:   0.23 kB[22m[2m │ map:     0.11 kB[22m
[2mstorybook-static/[22m[36massets/DocsRenderer-EYKKDMVH-535fce62.js            [39m[1m[2m  0.44 kB[22m[1m[22m[2m │ gzip:   0.28 kB[22m[2m │ map:     0.11 kB[22m
[2mstorybook-static/[22m[36massets/WithTooltip-FBT32F6Q-606d498e.js             [39m[1m[2m  0.47 kB[22m[1m[22m[2m │ gzip:   0.29 kB[22m[2m │ map:     0.11 kB[22m
[2mstorybook-static/[22m[36massets/syntaxhighlighter-QTQ2UBB4-15c7be13.js       [39m[1m[2m  0.49 kB[22m[1m[22m[2m │ gzip:   0.31 kB[22m[2m │ map:     0.12 kB[22m
[2mstorybook-static/[22m[36massets/index-dc1d5b46.js                            [39m[1m[2m  0.53 kB[22m[1m[22m[2m │ gzip:   0.34 kB[22m[2m │ map:     4.23 kB[22m
[2mstorybook-static/[22m[36massets/preview-99b85c3d.js                          [39m[1m[2m  0.56 kB[22m[1m[22m[2m │ gzip:   0.36 kB[22m[2m │ map:     0.51 kB[22m
[2mstorybook-static/[22m[36massets/preview-5ef354f3.js                          [39m[1m[2m  0.69 kB[22m[1m[22m[2m │ gzip:   0.49 kB[22m[2m │ map:     3.75 kB[22m
[2mstorybook-static/[22m[36massets/index-356e4a49.js                            [39m[1m[2m  0.81 kB[22m[1m[22m[2m │ gzip:   0.51 kB[22m[2m │ map:     3.21 kB[22m
[2mstorybook-static/[22m[36massets/TokensGrid-53500321.js                       [39m[1m[2m  0.84 kB[22m[1m[22m[2m │ gzip:   0.46 kB[22m[2m │ map:     1.67 kB[22m
[2mstorybook-static/[22m[36massets/preview-b1164a2e.js                          [39m[1m[2m  0.88 kB[22m[1m[22m[2m │ gzip:   0.58 kB[22m[2m │ map:     2.79 kB[22m
[2mstorybook-static/[22m[36massets/index-e12bbcad.js                            [39m[1m[2m  0.92 kB[22m[1m[22m[2m │ gzip:   0.51 kB[22m[2m │ map:     2.49 kB[22m
[2mstorybook-static/[22m[36massets/jsx-runtime-bc5d6cf6.js                      [39m[1m[2m  1.02 kB[22m[1m[22m[2m │ gzip:   0.64 kB[22m[2m │ map:     2.21 kB[22m
[2mstorybook-static/[22m[36massets/home.stories-32f612a6.js                     [39m[1m[2m  1.12 kB[22m[1m[22m[2m │ gzip:   0.63 kB[22m[2m │ map:     1.27 kB[22m
[2mstorybook-static/[22m[36massets/radii.stories-294416e1.js                    [39m[1m[2m  1.26 kB[22m[1m[22m[2m │ gzip:   0.69 kB[22m[2m │ map:     1.53 kB[22m
[2mstorybook-static/[22m[36massets/space.stories-51356fe6.js                    [39m[1m[2m  1.27 kB[22m[1m[22m[2m │ gzip:   0.70 kB[22m[2m │ map:     1.54 kB[22m
[2mstorybook-static/[22m[36massets/font-wheits.stories-9897cd6c.js              [39m[1m[2m  1.29 kB[22m[1m[22m[2m │ gzip:   0.70 kB[22m[2m │ map:     1.57 kB[22m
[2mstorybook-static/[22m[36massets/fonts.stories-fe462256.js                    [39m[1m[2m  1.29 kB[22m[1m[22m[2m │ gzip:   0.70 kB[22m[2m │ map:     1.55 kB[22m
[2mstorybook-static/[22m[36massets/line-heights.stories-abbd392b.js             [39m[1m[2m  1.30 kB[22m[1m[22m[2m │ gzip:   0.70 kB[22m[2m │ map:     1.58 kB[22m
[2mstorybook-static/[22m[36massets/font-sizes.stories-877fe557.js               [39m[1m[2m  1.30 kB[22m[1m[22m[2m │ gzip:   0.71 kB[22m[2m │ map:     1.58 kB[22m
[2mstorybook-static/[22m[36massets/colors.stories-edb5eefe.js                   [39m[1m[2m  1.50 kB[22m[1m[22m[2m │ gzip:   0.82 kB[22m[2m │ map:     2.55 kB[22m
[2mstorybook-static/[22m[36massets/preview-a60aa466.js                          [39m[1m[2m  2.40 kB[22m[1m[22m[2m │ gzip:   1.25 kB[22m[2m │ map:    10.67 kB[22m
[2mstorybook-static/[22m[36massets/index-d37d4223.js                            [39m[1m[2m  2.63 kB[22m[1m[22m[2m │ gzip:   1.30 kB[22m[2m │ map:     7.42 kB[22m
[2mstorybook-static/[22m[36massets/preview-770cc08b.js                          [39m[1m[2m  3.22 kB[22m[1m[22m[2m │ gzip:   1.39 kB[22m[2m │ map:     9.94 kB[22m
[2mstorybook-static/[22m[36massets/index-c013ead5.js                            [39m[1m[2m  7.21 kB[22m[1m[22m[2m │ gzip:   2.95 kB[22m[2m │ map:    15.60 kB[22m
[2mstorybook-static/[22m[36massets/iframe-a1bc0451.js                           [39m[1m[2m  7.58 kB[22m[1m[22m[2m │ gzip:   1.87 kB[22m[2m │ map:     6.57 kB[22m
[2mstorybook-static/[22m[36massets/preview-d8c963a4.js                          [39m[1m[2m  7.67 kB[22m[1m[22m[2m │ gzip:   1.60 kB[22m[2m │ map:    13.60 kB[22m
[2mstorybook-static/[22m[36massets/preview-2cd4e1a1.js                          [39m[1m[2m  8.00 kB[22m[1m[22m[2m │ gzip:   3.04 kB[22m[2m │ map:    28.01 kB[22m
[2mstorybook-static/[22m[36massets/GlobalScrollAreaStyles-XIHNDKUY-c1283aa4.js  [39m[1m[2m 10.45 kB[22m[1m[22m[2m │ gzip:   2.37 kB[22m[2m │ map:    15.68 kB[22m
[2mstorybook-static/[22m[36massets/Button.stories-f66be358.js                   [39m[1m[2m 19.40 kB[22m[1m[22m[2m │ gzip:   7.55 kB[22m[2m │ map:    44.26 kB[22m
[2mstorybook-static/[22m[36massets/preview-b038cc74.js                          [39m[1m[2m 21.08 kB[22m[1m[22m[2m │ gzip:   6.99 kB[22m[2m │ map:    68.03 kB[22m
[2mstorybook-static/[22m[36massets/chunk-4NMOSTKD-052c8761.js                   [39m[1m[2m 21.63 kB[22m[1m[22m[2m │ gzip:   7.23 kB[22m[2m │ map:    49.49 kB[22m
[2mstorybook-static/[22m[36massets/Color-3YIJY6X7-360f6599.js                   [39m[1m[2m 31.07 kB[22m[1m[22m[2m │ gzip:  11.68 kB[22m[2m │ map:   111.99 kB[22m
[2mstorybook-static/[22m[36massets/OverlayScrollbars-VAV6LJAB-d374b3d1.js       [39m[1m[2m 59.02 kB[22m[1m[22m[2m │ gzip:  25.31 kB[22m[2m │ map:   277.41 kB[22m
[2mstorybook-static/[22m[36massets/index-530d9bea.js                            [39m[1m[2m213.04 kB[22m[1m[22m[2m │ gzip:  66.69 kB[22m[2m │ map:   647.00 kB[22m
[2mstorybook-static/[22m[36massets/config-dbb367aa.js                           [39m[1m[2m323.16 kB[22m[1m[22m[2m │ gzip:  99.49 kB[22m[2m │ map: 1,158.00 kB[22m
[2mstorybook-static/[22m[36massets/chunk-PCJTTTQV-fb2944f3.js                   [39m[1m[2m481.56 kB[22m[1m[22m[2m │ gzip: 158.26 kB[22m[2m │ map: 1,388.04 kB[22m
[2mstorybook-static/[22m[36massets/formatter-S4K5WUZV-fba69a34.js               [39m[1m[33m601.66 kB[39m[22m[2m │ gzip: 185.06 kB[22m[2m │ map: 1,314.23 kB[22m
[33m
(!) Some chunks are larger than 500 kBs after minification. Consider:
- Using dynamic import() to code-split the application
- Use build.rollupOptions.output.manualChunks to improve chunking: https://rollupjs.org/configuration-options/#output-manualchunks
- Adjust chunk size limit for this warning via build.chunkSizeWarningLimit.[39m
[32m✓ built in 13.44s[39m
info => Output directory: E:\dev\rocketseat\new-ignite\05-ds\packages\docs\storybook-static
